<?xml version="1.0" encoding="UTF-8"?>
<!-- Generated by org.testng.reporters.JUnitXMLReporter -->
<testsuite hostname="DESKTOP-RIB0J9I" name="Test" tests="3" failures="0" timestamp="26 Jun 2021 11:45:10 GMT" time="29.817" errors="0">
  <testcase name="basePageNavigation" time="0.279" classname="TanmoyFramework.validate"/>
  <testcase name="basePageNavigation" time="8.635" classname="TanmoyFramework.HomePage"/>
  <testcase name="basePageNavigation" time="2.63" classname="TanmoyFramework.HomePage"/>
</testsuite> <!-- Test -->
